#
# There is insufficient memory for the Java Runtime Environment to continue.
# Native memory allocation (mmap) failed to map 312647680 bytes for committing reserved memory.
# Possible reasons:
#   The system is out of physical RAM or swap space
#   In 32 bit mode, the process size limit was hit
# Possible solutions:
#   Reduce memory load on the system
#   Increase physical memory or swap space
#   Check if swap backing store is full
#   Use 64 bit Java on a 64 bit OS
#   Decrease Java heap size (-Xmx/-Xms)
#   Decrease number of Java threads
#   Decrease Java thread stack sizes (-Xss)
#   Set larger code cache with -XX:ReservedCodeCacheSize=
# This output file may be truncated or incomplete.
#
#  Out of Memory Error (os_linux.cpp:2627), pid=18718, tid=139649941120768
#
# JRE version: OpenJDK Runtime Environment (8.0_60-b24) (build 1.8.0_60-b24)
# Java VM: OpenJDK 64-Bit Server VM (25.60-b23 mixed mode linux-amd64 compressed oops)
# Failed to write core dump. Core dumps have been disabled. To enable core dumping, try "ulimit -c unlimited" before starting Java again
#

---------------  T H R E A D  ---------------

Current thread (0x00007f02c406c800):  VMThread [stack: 0x00007f02c9122000,0x00007f02c9223000] [id=18720]

Stack: [0x00007f02c9122000,0x00007f02c9223000],  sp=0x00007f02c9221520,  free space=1021k
Native frames: (J=compiled Java code, j=interpreted, Vv=VM code, C=native code)
V  [libjvm.so+0xa57658]
V  [libjvm.so+0x4c252c]
V  [libjvm.so+0x8a8d80]
V  [libjvm.so+0x8a32ae]
V  [libjvm.so+0xa53f64]
V  [libjvm.so+0x5c6b87]
V  [libjvm.so+0x5c6abe]
V  [libjvm.so+0x5b3548]
V  [libjvm.so+0x44a58f]
V  [libjvm.so+0xa58740]
V  [libjvm.so+0xa5e267]
V  [libjvm.so+0xa5baac]
V  [libjvm.so+0xa5ce8f]
V  [libjvm.so+0xa5d381]
V  [libjvm.so+0x8a6292]

VM_Operation (0x00007f02cd135190): GenCollectForAllocation, mode: safepoint, requested by thread 0x00007f02c4008800


---------------  P R O C E S S  ---------------

Java Threads: ( => current thread )
  0x00007f02c40a7800 JavaThread "Service Thread" daemon [_thread_blocked, id=18726, stack(0x00007f02c8b1c000,0x00007f02c8c1d000)]
  0x00007f02c40a4800 JavaThread "C1 CompilerThread1" daemon [_thread_blocked, id=18725, stack(0x00007f02c8c1d000,0x00007f02c8d1e000)]
  0x00007f02c40a2800 JavaThread "C2 CompilerThread0" daemon [_thread_blocked, id=18724, stack(0x00007f02c8d1e000,0x00007f02c8e1f000)]
  0x00007f02c40a0800 JavaThread "Signal Dispatcher" daemon [_thread_blocked, id=18723, stack(0x00007f02c8e1f000,0x00007f02c8f20000)]
  0x00007f02c4073800 JavaThread "Finalizer" daemon [_thread_blocked, id=18722, stack(0x00007f02c8f20000,0x00007f02c9021000)]
  0x00007f02c4071800 JavaThread "Reference Handler" daemon [_thread_blocked, id=18721, stack(0x00007f02c9021000,0x00007f02c9122000)]
  0x00007f02c4008800 JavaThread "main" [_thread_blocked, id=18719, stack(0x00007f02cd037000,0x00007f02cd138000)]

Other Threads:
=>0x00007f02c406c800 VMThread [stack: 0x00007f02c9122000,0x00007f02c9223000] [id=18720]
  0x00007f02c40b7000 WatcherThread [stack: 0x00007f02c8a1b000,0x00007f02c8b1c000] [id=18727]

VM state:at safepoint (normal execution)

VM Mutex/Monitor currently owned by a thread:  ([mutex/lock_event])
[0x00007f02c4006220] Threads_lock - owner thread: 0x00007f02c406c800
[0x00007f02c4006720] Heap_lock - owner thread: 0x00007f02c4008800

Heap:
 def new generation   total 455232K, used 0K [0x0000000083000000, 0x00000000a1df0000, 0x00000000acaa0000)
  eden space 404672K,   0% used [0x0000000083000000, 0x0000000083000000, 0x000000009bb30000)
  from space 50560K,   0% used [0x000000009bb30000, 0x000000009bb30000, 0x000000009ec90000)
  to   space 50560K,   0% used [0x000000009ec90000, 0x000000009ec90000, 0x00000000a1df0000)
 tenured generation   total 1060056K, used 1009076K [0x00000000acaa0000, 0x00000000ed5d6000, 0x0000000100000000)
   the space 1060056K,  95% used [0x00000000acaa0000, 0x00000000ea40d148, 0x00000000ea40d200, 0x00000000ed5d6000)
 Metaspace       used 7428K, capacity 7676K, committed 7808K, reserved 1056768K
  class space    used 779K, capacity 858K, committed 896K, reserved 1048576K

Card table byte_map: [0x00007f02c9f02000,0x00007f02ca2eb000] byte_map_base: 0x00007f02c9aea000

Polling page: 0x00007f02cd14a000

CodeCache: size=245760Kb used=3341Kb max_used=3353Kb free=242418Kb
 bounds [0x00007f02b5000000, 0x00007f02b5350000, 0x00007f02c4000000]
 total_blobs=1174 nmethods=874 adapters=215
 compilation: enabled

Compilation events (10 events):
Event: 5.639 Thread 0x00007f02c40a2800  877   !   4       java.util.zip.Inflater::setInput (74 bytes)
Event: 5.641 Thread 0x00007f02c40a2800 nmethod 877 0x00007f02b5346c90 code [0x00007f02b5346de0, 0x00007f02b53470b8]
Event: 5.642 Thread 0x00007f02c40a2800  878       4       java.io.BufferedInputStream::fill (233 bytes)
Event: 5.645 Thread 0x00007f02c40a2800 nmethod 878 0x00007f02b5346310 code [0x00007f02b53464a0, 0x00007f02b5346818]
Event: 5.717 Thread 0x00007f02c40a2800  879       4       java.io.FilterInputStream::read (11 bytes)
Event: 5.718 Thread 0x00007f02c40a2800 nmethod 879 0x00007f02b5330f90 code [0x00007f02b53310e0, 0x00007f02b53311a8]
Event: 5.840 Thread 0x00007f02c40a4800  880   !   3       java.util.zip.ZipFile$ZipFileInputStream::read (131 bytes)
Event: 5.841 Thread 0x00007f02c40a4800 nmethod 880 0x00007f02b5342050 code [0x00007f02b5342240, 0x00007f02b5342b00]
Event: 27.309 Thread 0x00007f02c40a2800  881   !   4       java.util.zip.ZipFile$ZipFileInputStream::read (131 bytes)
Event: 27.807 Thread 0x00007f02c40a2800 nmethod 881 0x00007f02b5345890 code [0x00007f02b5345a00, 0x00007f02b5345fc8]

GC Heap History (10 events):
Event: 7.200 GC heap after
Heap after GC invocations=18 (full 6):
 def new generation   total 138752K, used 15360K [0x0000000083000000, 0x000000008c680000, 0x00000000acaa0000)
  eden space 123392K,   0% used [0x0000000083000000, 0x0000000083000000, 0x000000008a880000)
  from space 15360K, 100% used [0x000000008a880000, 0x000000008b780000, 0x000000008b780000)
  to   space 15360K,   0% used [0x000000008b780000, 0x000000008b780000, 0x000000008c680000)
 tenured generation   total 308116K, used 298302K [0x00000000acaa0000, 0x00000000bf785000, 0x0000000100000000)
   the space 308116K,  96% used [0x00000000acaa0000, 0x00000000bedefa10, 0x00000000bedefc00, 0x00000000bf785000)
 Metaspace       used 7428K, capacity 7676K, committed 7808K, reserved 1056768K
  class space    used 779K, capacity 858K, committed 896K, reserved 1048576K
}
Event: 7.481 GC heap before
{Heap before GC invocations=18 (full 6):
 def new generation   total 138752K, used 138752K [0x0000000083000000, 0x000000008c680000, 0x00000000acaa0000)
  eden space 123392K, 100% used [0x0000000083000000, 0x000000008a880000, 0x000000008a880000)
  from space 15360K, 100% used [0x000000008a880000, 0x000000008b780000, 0x000000008b780000)
  to   space 15360K,   0% used [0x000000008b780000, 0x000000008b780000, 0x000000008c680000)
 tenured generation   total 308116K, used 298302K [0x00000000acaa0000, 0x00000000bf785000, 0x0000000100000000)
   the space 308116K,  96% used [0x00000000acaa0000, 0x00000000bedefa10, 0x00000000bedefc00, 0x00000000bf785000)
 Metaspace       used 7428K, capacity 7676K, committed 7808K, reserved 1056768K
  class space    used 779K, capacity 858K, committed 896K, reserved 1048576K
Event: 8.699 GC heap after
Heap after GC invocations=19 (full 7):
 def new generation   total 280512K, used 1150K [0x0000000083000000, 0x0000000096050000, 0x00000000acaa0000)
  eden space 249408K,   0% used [0x0000000083000000, 0x000000008311f860, 0x0000000092390000)
  from space 31104K,   0% used [0x0000000092390000, 0x0000000092390000, 0x00000000941f0000)
  to   space 31104K,   0% used [0x00000000941f0000, 0x00000000941f0000, 0x0000000096050000)
 tenured generation   total 623196K, used 373915K [0x00000000acaa0000, 0x00000000d2b37000, 0x0000000100000000)
   the space 623196K,  59% used [0x00000000acaa0000, 0x00000000c37c6ff8, 0x00000000c37c7000, 0x00000000d2b37000)
 Metaspace       used 7428K, capacity 7676K, committed 7808K, reserved 1056768K
  class space    used 779K, capacity 858K, committed 896K, reserved 1048576K
}
Event: 10.210 GC heap before
{Heap before GC invocations=19 (full 7):
 def new generation   total 280512K, used 249408K [0x0000000083000000, 0x0000000096050000, 0x00000000acaa0000)
  eden space 249408K, 100% used [0x0000000083000000, 0x0000000092390000, 0x0000000092390000)
  from space 31104K,   0% used [0x0000000092390000, 0x0000000092390000, 0x00000000941f0000)
  to   space 31104K,   0% used [0x00000000941f0000, 0x00000000941f0000, 0x0000000096050000)
 tenured generation   total 623196K, used 373915K [0x00000000acaa0000, 0x00000000d2b37000, 0x0000000100000000)
   the space 623196K,  59% used [0x00000000acaa0000, 0x00000000c37c6ff8, 0x00000000c37c7000, 0x00000000d2b37000)
 Metaspace       used 7428K, capacity 7676K, committed 7808K, reserved 1056768K
  class space    used 779K, capacity 858K, committed 896K, reserved 1048576K
Event: 11.364 GC heap after
Heap after GC invocations=20 (full 7):
 def new generation   total 280512K, used 31103K [0x0000000083000000, 0x0000000096050000, 0x00000000acaa0000)
  eden space 249408K,   0% used [0x0000000083000000, 0x0000000083000000, 0x0000000092390000)
  from space 31104K,  99% used [0x00000000941f0000, 0x000000009604fff8, 0x0000000096050000)
  to   space 31104K,   0% used [0x0000000092390000, 0x0000000092390000, 0x00000000941f0000)
 tenured generation   total 623196K, used 467065K [0x00000000acaa0000, 0x00000000d2b37000, 0x0000000100000000)
   the space 623196K,  74% used [0x00000000acaa0000, 0x00000000c92be4b8, 0x00000000c92be600, 0x00000000d2b37000)
 Metaspace       used 7428K, capacity 7676K, committed 7808K, reserved 1056768K
  class space    used 779K, capacity 858K, committed 896K, reserved 1048576K
}
Event: 12.010 GC heap before
{Heap before GC invocations=20 (full 7):
 def new generation   total 280512K, used 280511K [0x0000000083000000, 0x0000000096050000, 0x00000000acaa0000)
  eden space 249408K, 100% used [0x0000000083000000, 0x0000000092390000, 0x0000000092390000)
  from space 31104K,  99% used [0x00000000941f0000, 0x000000009604fff8, 0x0000000096050000)
  to   space 31104K,   0% used [0x0000000092390000, 0x0000000092390000, 0x00000000941f0000)
 tenured generation   total 623196K, used 467065K [0x00000000acaa0000, 0x00000000d2b37000, 0x0000000100000000)
   the space 623196K,  74% used [0x00000000acaa0000, 0x00000000c92be4b8, 0x00000000c92be600, 0x00000000d2b37000)
 Metaspace       used 7428K, capacity 7676K, committed 7808K, reserved 1056768K
  class space    used 779K, capacity 858K, committed 896K, reserved 1048576K
Event: 23.160 GC heap after
Heap after GC invocations=21 (full 8):
 def new generation   total 455232K, used 0K [0x0000000083000000, 0x00000000a1df0000, 0x00000000acaa0000)
  eden space 404672K,   0% used [0x0000000083000000, 0x0000000083000000, 0x000000009bb30000)
  from space 50560K,   0% used [0x000000009bb30000, 0x000000009bb30000, 0x000000009ec90000)
  to   space 50560K,   0% used [0x000000009ec90000, 0x000000009ec90000, 0x00000000a1df0000)
 tenured generation   total 1011480K, used 606887K [0x00000000acaa0000, 0x00000000ea666000, 0x0000000100000000)
   the space 1011480K,  59% used [0x00000000acaa0000, 0x00000000d1b49ec8, 0x00000000d1b4a000, 0x00000000ea666000)
 Metaspace       used 7428K, capacity 7676K, committed 7808K, reserved 1056768K
  class space    used 779K, capacity 858K, committed 896K, reserved 1048576K
}
Event: 29.454 GC heap before
{Heap before GC invocations=21 (full 8):
 def new generation   total 455232K, used 404672K [0x0000000083000000, 0x00000000a1df0000, 0x00000000acaa0000)
  eden space 404672K, 100% used [0x0000000083000000, 0x000000009bb30000, 0x000000009bb30000)
  from space 50560K,   0% used [0x000000009bb30000, 0x000000009bb30000, 0x000000009ec90000)
  to   space 50560K,   0% used [0x000000009ec90000, 0x000000009ec90000, 0x00000000a1df0000)
 tenured generation   total 1011480K, used 606887K [0x00000000acaa0000, 0x00000000ea666000, 0x0000000100000000)
   the space 1011480K,  59% used [0x00000000acaa0000, 0x00000000d1b49ec8, 0x00000000d1b4a000, 0x00000000ea666000)
 Metaspace       used 7428K, capacity 7676K, committed 7808K, reserved 1056768K
  class space    used 779K, capacity 858K, committed 896K, reserved 1048576K
Event: 30.983 GC heap after
Heap after GC invocations=22 (full 8):
 def new generation   total 455232K, used 50560K [0x0000000083000000, 0x00000000a1df0000, 0x00000000acaa0000)
  eden space 404672K,   0% used [0x0000000083000000, 0x0000000083000000, 0x000000009bb30000)
  from space 50560K, 100% used [0x000000009ec90000, 0x00000000a1df0000, 0x00000000a1df0000)
  to   space 50560K,   0% used [0x000000009bb30000, 0x000000009bb30000, 0x000000009ec90000)
 tenured generation   total 1011480K, used 757110K [0x00000000acaa0000, 0x00000000ea666000, 0x0000000100000000)
   the space 1011480K,  74% used [0x00000000acaa0000, 0x00000000dadfd9a8, 0x00000000dadfda00, 0x00000000ea666000)
 Metaspace       used 7428K, capacity 7676K, committed 7808K, reserved 1056768K
  class space    used 779K, capacity 858K, committed 896K, reserved 1048576K
}
Event: 33.146 GC heap before
{Heap before GC invocations=22 (full 8):
 def new generation   total 455232K, used 455232K [0x0000000083000000, 0x00000000a1df0000, 0x00000000acaa0000)
  eden space 404672K, 100% used [0x0000000083000000, 0x000000009bb30000, 0x000000009bb30000)
  from space 50560K, 100% used [0x000000009ec90000, 0x00000000a1df0000, 0x00000000a1df0000)
  to   space 50560K,   0% used [0x000000009bb30000, 0x000000009bb30000, 0x000000009ec90000)
 tenured generation   total 1011480K, used 757110K [0x00000000acaa0000, 0x00000000ea666000, 0x0000000100000000)
   the space 1011480K,  74% used [0x00000000acaa0000, 0x00000000dadfd9a8, 0x00000000dadfda00, 0x00000000ea666000)
 Metaspace       used 7428K, capacity 7676K, committed 7808K, reserved 1056768K
  class space    used 779K, capacity 858K, committed 896K, reserved 1048576K

Deoptimization events (10 events):
Event: 3.354 Thread 0x00007f02c4008800 Uncommon trap: reason=class_check action=maybe_recompile pc=0x00007f02b5240b40 method=java.io.BufferedInputStream.read([BII)I @ 101
Event: 3.360 Thread 0x00007f02c4008800 Uncommon trap: reason=class_check action=maybe_recompile pc=0x00007f02b526bbe8 method=java.io.ObjectInputStream$PeekInputStream.read()I @ 23
Event: 3.384 Thread 0x00007f02c4008800 Uncommon trap: reason=class_check action=maybe_recompile pc=0x00007f02b51fb8f8 method=java.util.HashMap.putVal(ILjava/lang/Object;Ljava/lang/Object;ZZ)Ljava/lang/Object; @ 203
Event: 3.384 Thread 0x00007f02c4008800 Uncommon trap: reason=class_check action=maybe_recompile pc=0x00007f02b51fb8f8 method=java.util.HashMap.putVal(ILjava/lang/Object;Ljava/lang/Object;ZZ)Ljava/lang/Object; @ 203
Event: 3.395 Thread 0x00007f02c4008800 Uncommon trap: reason=class_check action=maybe_recompile pc=0x00007f02b51fb8f8 method=java.util.HashMap.putVal(ILjava/lang/Object;Ljava/lang/Object;ZZ)Ljava/lang/Object; @ 203
Event: 3.395 Thread 0x00007f02c4008800 Uncommon trap: reason=class_check action=maybe_recompile pc=0x00007f02b51fb8f8 method=java.util.HashMap.putVal(ILjava/lang/Object;Ljava/lang/Object;ZZ)Ljava/lang/Object; @ 203
Event: 4.440 Thread 0x00007f02c4008800 Uncommon trap: reason=class_check action=maybe_recompile pc=0x00007f02b53345c0 method=java.lang.reflect.Array.newInstance(Ljava/lang/Class;I)Ljava/lang/Object; @ 2
Event: 4.440 Thread 0x00007f02c4008800 Uncommon trap: reason=class_check action=maybe_recompile pc=0x00007f02b53345c0 method=java.lang.reflect.Array.newInstance(Ljava/lang/Class;I)Ljava/lang/Object; @ 2
Event: 4.440 Thread 0x00007f02c4008800 Uncommon trap: reason=class_check action=maybe_recompile pc=0x00007f02b53345c0 method=java.lang.reflect.Array.newInstance(Ljava/lang/Class;I)Ljava/lang/Object; @ 2
Event: 4.440 Thread 0x00007f02c4008800 Uncommon trap: reason=class_check action=maybe_recompile pc=0x00007f02b53345c0 method=java.lang.reflect.Array.newInstance(Ljava/lang/Class;I)Ljava/lang/Object; @ 2

Internal exceptions (10 events):
Event: 0.024 Thread 0x00007f02c4008800 Exception <a 'java/lang/NoSuchMethodError': Method sun.misc.Unsafe.defineClass(Ljava/lang/String;[BII)Ljava/lang/Class; name or signature does not match> (0x0000000083012ba8) thrown at [/build/java8-openjdk/src/jdk8u-jdk8u60-b24/hotspot/src/share/vm/prims
Event: 0.024 Thread 0x00007f02c4008800 Exception <a 'java/lang/NoSuchMethodError': Method sun.misc.Unsafe.prefetchRead(Ljava/lang/Object;J)V name or signature does not match> (0x0000000083012e90) thrown at [/build/java8-openjdk/src/jdk8u-jdk8u60-b24/hotspot/src/share/vm/prims/jni.cpp, line 398
Event: 0.292 Thread 0x00007f02c4008800 Exception <a 'java/lang/NoSuchFieldError': method resolution failed> (0x0000000083061b90) thrown at [/build/java8-openjdk/src/jdk8u-jdk8u60-b24/hotspot/src/share/vm/prims/methodHandles.cpp, line 1146]
Event: 0.301 Thread 0x00007f02c4008800 Exception <a 'java/lang/NoSuchFieldError': method resolution failed> (0x000000008306ef18) thrown at [/build/java8-openjdk/src/jdk8u-jdk8u60-b24/hotspot/src/share/vm/prims/methodHandles.cpp, line 1146]
Event: 0.414 Thread 0x00007f02c4008800 Exception <a 'java/security/PrivilegedActionException'> (0x0000000083306f60) thrown at [/build/java8-openjdk/src/jdk8u-jdk8u60-b24/hotspot/src/share/vm/prims/jvm.cpp, line 1386]
Event: 0.414 Thread 0x00007f02c4008800 Exception <a 'java/security/PrivilegedActionException'> (0x0000000083307170) thrown at [/build/java8-openjdk/src/jdk8u-jdk8u60-b24/hotspot/src/share/vm/prims/jvm.cpp, line 1386]
Event: 0.414 Thread 0x00007f02c4008800 Exception <a 'java/security/PrivilegedActionException'> (0x0000000083308f80) thrown at [/build/java8-openjdk/src/jdk8u-jdk8u60-b24/hotspot/src/share/vm/prims/jvm.cpp, line 1386]
Event: 0.414 Thread 0x00007f02c4008800 Exception <a 'java/security/PrivilegedActionException'> (0x0000000083309190) thrown at [/build/java8-openjdk/src/jdk8u-jdk8u60-b24/hotspot/src/share/vm/prims/jvm.cpp, line 1386]
Event: 0.414 Thread 0x00007f02c4008800 Exception <a 'java/security/PrivilegedActionException'> (0x0000000083309d48) thrown at [/build/java8-openjdk/src/jdk8u-jdk8u60-b24/hotspot/src/share/vm/prims/jvm.cpp, line 1386]
Event: 0.414 Thread 0x00007f02c4008800 Exception <a 'java/security/PrivilegedActionException'> (0x0000000083309f58) thrown at [/build/java8-openjdk/src/jdk8u-jdk8u60-b24/hotspot/src/share/vm/prims/jvm.cpp, line 1386]

Events (10 events):
Event: 7.200 Executing VM operation: GenCollectForAllocation done
Event: 7.481 Executing VM operation: GenCollectForAllocation
Event: 8.700 Executing VM operation: GenCollectForAllocation done
Event: 10.210 Executing VM operation: GenCollectForAllocation
Event: 11.366 Executing VM operation: GenCollectForAllocation done
Event: 11.999 Executing VM operation: GenCollectForAllocation
Event: 23.166 Executing VM operation: GenCollectForAllocation done
Event: 29.445 Executing VM operation: GenCollectForAllocation
Event: 30.988 Executing VM operation: GenCollectForAllocation done
Event: 33.142 Executing VM operation: GenCollectForAllocation


Dynamic libraries:
00400000-00401000 r-xp 00000000 08:03 538699                             /usr/lib/jvm/java-8-openjdk/jre/bin/java
00600000-00601000 rw-p 00000000 08:03 538699                             /usr/lib/jvm/java-8-openjdk/jre/bin/java
01588000-015a9000 rw-p 00000000 00:00 0                                  [heap]
83000000-a1df0000 rw-p 00000000 00:00 0 
a1df0000-acaa0000 ---p 00000000 00:00 0 
acaa0000-ed5d6000 rw-p 00000000 00:00 0 
100000000-1000e0000 rw-p 00000000 00:00 0 
1000e0000-140000000 ---p 00000000 00:00 0 
7f0298000000-7f02983be000 rw-p 00000000 00:00 0 
7f02983be000-7f029c000000 ---p 00000000 00:00 0 
7f029c000000-7f029c021000 rw-p 00000000 00:00 0 
7f029c021000-7f02a0000000 ---p 00000000 00:00 0 
7f02a0000000-7f02a0021000 rw-p 00000000 00:00 0 
7f02a0021000-7f02a4000000 ---p 00000000 00:00 0 
7f02a4000000-7f02a46ae000 rw-p 00000000 00:00 0 
7f02a46ae000-7f02a8000000 ---p 00000000 00:00 0 
7f02a8000000-7f02a8021000 rw-p 00000000 00:00 0 
7f02a8021000-7f02ac000000 ---p 00000000 00:00 0 
7f02ac000000-7f02ac021000 rw-p 00000000 00:00 0 
7f02ac021000-7f02b0000000 ---p 00000000 00:00 0 
7f02b0000000-7f02b1ced000 rw-p 00000000 00:00 0 
7f02b1ced000-7f02b4000000 ---p 00000000 00:00 0 
7f02b5000000-7f02b5350000 rwxp 00000000 00:00 0 
7f02b5350000-7f02c4000000 ---p 00000000 00:00 0 
7f02c4000000-7f02c42db000 rw-p 00000000 00:00 0 
7f02c42db000-7f02c8000000 ---p 00000000 00:00 0 
7f02c896e000-7f02c896f000 rw-p 00000000 00:00 0 
7f02c896f000-7f02c89a6000 r--s 00820000 08:03 1711855                    /root/nlp/parser/stanford-corenlp/stanford-corenlp-3.5.2-javadoc.jar
7f02c89a6000-7f02c89c5000 r--s 0040d000 08:03 1711879                    /root/nlp/parser/stanford-corenlp/stanford-corenlp-3.5.2-sources.jar
7f02c89c5000-7f02c89cc000 r--s 00046000 08:03 1711873                    /root/nlp/parser/stanford-corenlp/xom.jar
7f02c89cc000-7f02c89d2000 r--s 0005f000 08:03 1711869                    /root/nlp/parser/stanford-corenlp/protobuf.jar
7f02c89d2000-7f02c8a1b000 r--s 00620000 08:03 1711868                    /root/nlp/parser/stanford-corenlp/stanford-corenlp-3.5.2.jar
7f02c8a1b000-7f02c8a1c000 ---p 00000000 00:00 0 
7f02c8a1c000-7f02c8b1c000 rw-p 00000000 00:00 0                          [stack:18727]
7f02c8b1c000-7f02c8b1f000 ---p 00000000 00:00 0 
7f02c8b1f000-7f02c8c1d000 rw-p 00000000 00:00 0                          [stack:18726]
7f02c8c1d000-7f02c8c20000 ---p 00000000 00:00 0 
7f02c8c20000-7f02c8d1e000 rw-p 00000000 00:00 0                          [stack:18725]
7f02c8d1e000-7f02c8d21000 ---p 00000000 00:00 0 
7f02c8d21000-7f02c8e1f000 rw-p 00000000 00:00 0                          [stack:18724]
7f02c8e1f000-7f02c8e22000 ---p 00000000 00:00 0 
7f02c8e22000-7f02c8f20000 rw-p 00000000 00:00 0                          [stack:18723]
7f02c8f20000-7f02c8f23000 ---p 00000000 00:00 0 
7f02c8f23000-7f02c9021000 rw-p 00000000 00:00 0                          [stack:18722]
7f02c9021000-7f02c9024000 ---p 00000000 00:00 0 
7f02c9024000-7f02c9122000 rw-p 00000000 00:00 0                          [stack:18721]
7f02c9122000-7f02c9123000 ---p 00000000 00:00 0 
7f02c9123000-7f02c9223000 rw-p 00000000 00:00 0                          [stack:18720]
7f02c9223000-7f02c93f1000 r--s 03bde000 08:03 538607                     /usr/lib/jvm/java-8-openjdk/jre/lib/rt.jar
7f02c93f1000-7f02c9b27000 rw-p 00000000 00:00 0 
7f02c9b27000-7f02c9c67000 ---p 00000000 00:00 0 
7f02c9c67000-7f02c9e6d000 rw-p 00000000 00:00 0 
7f02c9e6d000-7f02c9f02000 ---p 00000000 00:00 0 
7f02c9f02000-7f02c9ff9000 rw-p 00000000 00:00 0 
7f02c9ff9000-7f02ca04f000 ---p 00000000 00:00 0 
7f02ca04f000-7f02ca255000 rw-p 00000000 00:00 0 
7f02ca255000-7f02ca2ea000 ---p 00000000 00:00 0 
7f02ca2ea000-7f02ca2f9000 rw-p 00000000 00:00 0 
7f02ca2f9000-7f02ca6ab000 ---p 00000000 00:00 0 
7f02ca6ab000-7f02ca6b3000 r-xp 00000000 08:03 538667                     /usr/lib/jvm/java-8-openjdk/jre/lib/amd64/libzip.so
7f02ca6b3000-7f02ca8b2000 ---p 00008000 08:03 538667                     /usr/lib/jvm/java-8-openjdk/jre/lib/amd64/libzip.so
7f02ca8b2000-7f02ca8b3000 rw-p 00007000 08:03 538667                     /usr/lib/jvm/java-8-openjdk/jre/lib/amd64/libzip.so
7f02ca8b3000-7f02ca8be000 r-xp 00000000 08:03 395699                     /usr/lib/libnss_files-2.22.so
7f02ca8be000-7f02caabd000 ---p 0000b000 08:03 395699                     /usr/lib/libnss_files-2.22.so
7f02caabd000-7f02caabe000 r--p 0000a000 08:03 395699                     /usr/lib/libnss_files-2.22.so
7f02caabe000-7f02caabf000 rw-p 0000b000 08:03 395699                     /usr/lib/libnss_files-2.22.so
7f02caabf000-7f02caac5000 rw-p 00000000 00:00 0 
7f02caac5000-7f02caaf1000 r-xp 00000000 08:03 538666                     /usr/lib/jvm/java-8-openjdk/jre/lib/amd64/libjava.so
7f02caaf1000-7f02cacf1000 ---p 0002c000 08:03 538666                     /usr/lib/jvm/java-8-openjdk/jre/lib/amd64/libjava.so
7f02cacf1000-7f02cacf3000 rw-p 0002c000 08:03 538666                     /usr/lib/jvm/java-8-openjdk/jre/lib/amd64/libjava.so
7f02cacf3000-7f02cad00000 r-xp 00000000 08:03 538659                     /usr/lib/jvm/java-8-openjdk/jre/lib/amd64/libverify.so
7f02cad00000-7f02caeff000 ---p 0000d000 08:03 538659                     /usr/lib/jvm/java-8-openjdk/jre/lib/amd64/libverify.so
7f02caeff000-7f02caf01000 rw-p 0000c000 08:03 538659                     /usr/lib/jvm/java-8-openjdk/jre/lib/amd64/libverify.so
7f02caf01000-7f02caf08000 r-xp 00000000 08:03 395707                     /usr/lib/librt-2.22.so
7f02caf08000-7f02cb107000 ---p 00007000 08:03 395707                     /usr/lib/librt-2.22.so
7f02cb107000-7f02cb108000 r--p 00006000 08:03 395707                     /usr/lib/librt-2.22.so
7f02cb108000-7f02cb109000 rw-p 00007000 08:03 395707                     /usr/lib/librt-2.22.so
7f02cb109000-7f02cb206000 r-xp 00000000 08:03 395704                     /usr/lib/libm-2.22.so
7f02cb206000-7f02cb405000 ---p 000fd000 08:03 395704                     /usr/lib/libm-2.22.so
7f02cb405000-7f02cb406000 r--p 000fc000 08:03 395704                     /usr/lib/libm-2.22.so
7f02cb406000-7f02cb407000 rw-p 000fd000 08:03 395704                     /usr/lib/libm-2.22.so
7f02cb407000-7f02cc05a000 r-xp 00000000 08:03 538690                     /usr/lib/jvm/java-8-openjdk/jre/lib/amd64/server/libjvm.so
7f02cc05a000-7f02cc259000 ---p 00c53000 08:03 538690                     /usr/lib/jvm/java-8-openjdk/jre/lib/amd64/server/libjvm.so
7f02cc259000-7f02cc315000 rw-p 00c52000 08:03 538690                     /usr/lib/jvm/java-8-openjdk/jre/lib/amd64/server/libjvm.so
7f02cc315000-7f02cc343000 rw-p 00000000 00:00 0 
7f02cc343000-7f02cc4de000 r-xp 00000000 08:03 395646                     /usr/lib/libc-2.22.so
7f02cc4de000-7f02cc6dd000 ---p 0019b000 08:03 395646                     /usr/lib/libc-2.22.so
7f02cc6dd000-7f02cc6e1000 r--p 0019a000 08:03 395646                     /usr/lib/libc-2.22.so
7f02cc6e1000-7f02cc6e3000 rw-p 0019e000 08:03 395646                     /usr/lib/libc-2.22.so
7f02cc6e3000-7f02cc6e7000 rw-p 00000000 00:00 0 
7f02cc6e7000-7f02cc6ea000 r-xp 00000000 08:03 395703                     /usr/lib/libdl-2.22.so
7f02cc6ea000-7f02cc8e9000 ---p 00003000 08:03 395703                     /usr/lib/libdl-2.22.so
7f02cc8e9000-7f02cc8ea000 r--p 00002000 08:03 395703                     /usr/lib/libdl-2.22.so
7f02cc8ea000-7f02cc8eb000 rw-p 00003000 08:03 395703                     /usr/lib/libdl-2.22.so
7f02cc8eb000-7f02cc8f8000 r-xp 00000000 08:03 538687                     /usr/lib/jvm/java-8-openjdk/jre/lib/amd64/jli/libjli.so
7f02cc8f8000-7f02ccaf7000 ---p 0000d000 08:03 538687                     /usr/lib/jvm/java-8-openjdk/jre/lib/amd64/jli/libjli.so
7f02ccaf7000-7f02ccaf8000 rw-p 0000c000 08:03 538687                     /usr/lib/jvm/java-8-openjdk/jre/lib/amd64/jli/libjli.so
7f02ccaf8000-7f02ccb0d000 r-xp 00000000 08:03 398876                     /usr/lib/libz.so.1.2.8
7f02ccb0d000-7f02ccd0c000 ---p 00015000 08:03 398876                     /usr/lib/libz.so.1.2.8
7f02ccd0c000-7f02ccd0d000 r--p 00014000 08:03 398876                     /usr/lib/libz.so.1.2.8
7f02ccd0d000-7f02ccd0e000 rw-p 00015000 08:03 398876                     /usr/lib/libz.so.1.2.8
7f02ccd0e000-7f02ccd26000 r-xp 00000000 08:03 395624                     /usr/lib/libpthread-2.22.so
7f02ccd26000-7f02ccf25000 ---p 00018000 08:03 395624                     /usr/lib/libpthread-2.22.so
7f02ccf25000-7f02ccf26000 r--p 00017000 08:03 395624                     /usr/lib/libpthread-2.22.so
7f02ccf26000-7f02ccf27000 rw-p 00018000 08:03 395624                     /usr/lib/libpthread-2.22.so
7f02ccf27000-7f02ccf2b000 rw-p 00000000 00:00 0 
7f02ccf2b000-7f02ccf4d000 r-xp 00000000 08:03 395645                     /usr/lib/ld-2.22.so
7f02ccf4d000-7f02ccf50000 r--s 141bd000 08:03 1711852                    /root/nlp/parser/stanford-corenlp/stanford-corenlp-3.5.2-models.jar
7f02ccf50000-7f02ccf52000 r--s 0000c000 08:03 1711867                    /root/nlp/parser/stanford-corenlp/javax.json-api-1.0-sources.jar
7f02ccf52000-7f02ccf62000 r--s 0007c000 08:03 1711872                    /root/nlp/parser/stanford-corenlp/joda-time.jar
7f02ccf62000-7f02ccf67000 r--s 0002d000 08:03 1711881                    /root/nlp/parser/stanford-corenlp/jollyday.jar
7f02ccf67000-7f02cd037000 rw-p 00000000 00:00 0 
7f02cd037000-7f02cd03a000 ---p 00000000 00:00 0 
7f02cd03a000-7f02cd13c000 rw-p 00000000 00:00 0                          [stack:18719]
7f02cd13c000-7f02cd13d000 r--s 24ee7000 08:03 1711777                    /root/nlp/parser/stanford-corenlp/stanford-srparser-2015-04-20-models.jar
7f02cd13d000-7f02cd141000 r--s 000a7000 08:03 1711866                    /root/nlp/parser/stanford-corenlp/joda-time-2.1-sources.jar
7f02cd141000-7f02cd149000 rw-s 00000000 00:1f 55749                      /tmp/hsperfdata_root/18718
7f02cd149000-7f02cd14a000 rw-p 00000000 00:00 0 
7f02cd14a000-7f02cd14b000 ---p 00000000 00:00 0 
7f02cd14b000-7f02cd14c000 rw-p 00000000 00:00 0 
7f02cd14c000-7f02cd14d000 r--p 00021000 08:03 395645                     /usr/lib/ld-2.22.so
7f02cd14d000-7f02cd14e000 rw-p 00022000 08:03 395645                     /usr/lib/ld-2.22.so
7f02cd14e000-7f02cd14f000 rw-p 00000000 00:00 0 
7ffc4d97d000-7ffc4d99e000 rw-p 00000000 00:00 0                          [stack]
7ffc4d9bf000-7ffc4d9c1000 r--p 00000000 00:00 0                          [vvar]
7ffc4d9c1000-7ffc4d9c3000 r-xp 00000000 00:00 0                          [vdso]
ffffffffff600000-ffffffffff601000 r-xp 00000000 00:00 0                  [vsyscall]

VM Arguments:
jvm_args: -Xmx2000m 
java_command: edu.stanford.nlp.pipeline.StanfordCoreNLP -annotators tokenize,ssplit,pos,parse -parse.model edu/stanford/nlp/models/srparser/englishSR.ser.gz -file input.txt
java_class_path (initial): joda-time-2.1-sources.jar:jollyday.jar:stanford-corenlp-3.5.2.jar:joda-time.jar:javax.json-api-1.0-sources.jar:protobuf.jar:stanford-corenlp-3.5.2-models.jar:xom.jar:stanford-corenlp-3.5.2-sources.jar:stanford-corenlp-3.5.2-javadoc.jar:stanford-srparser-2015-04-20-models.jar:javax.json.jar:ejml-0.23.jar:xom-1.2.10-src.jar:jollyday-0.4.7-sources.jar
Launcher Type: SUN_STANDARD

Environment Variables:
CLASSPATH=/root/nlp/parser/stanford-parser-full-2015-04-20/
PATH=/usr/bin:/bin:/usr/sbin:/sbin
SHELL=/usr/bin/fish

Signal Handlers:
SIGSEGV: [libjvm.so+0xa581a0], sa_mask[0]=11111111011111111101111111111110, sa_flags=SA_RESTART|SA_SIGINFO
SIGBUS: [libjvm.so+0xa581a0], sa_mask[0]=11111111011111111101111111111110, sa_flags=SA_RESTART|SA_SIGINFO
SIGFPE: [libjvm.so+0x8a4420], sa_mask[0]=11111111011111111101111111111110, sa_flags=SA_RESTART|SA_SIGINFO
SIGPIPE: [libjvm.so+0x8a4420], sa_mask[0]=11111111011111111101111111111110, sa_flags=SA_RESTART|SA_SIGINFO
SIGXFSZ: [libjvm.so+0x8a4420], sa_mask[0]=11111111011111111101111111111110, sa_flags=SA_RESTART|SA_SIGINFO
SIGILL: [libjvm.so+0x8a4420], sa_mask[0]=11111111011111111101111111111110, sa_flags=SA_RESTART|SA_SIGINFO
SIGUSR1: SIG_DFL, sa_mask[0]=00000000000000000000000000000000, sa_flags=none
SIGUSR2: [libjvm.so+0x8a42d0], sa_mask[0]=00000000000000000000000000000000, sa_flags=SA_RESTART|SA_SIGINFO
SIGHUP: [libjvm.so+0x8a47a0], sa_mask[0]=11111111011111111101111111111110, sa_flags=SA_RESTART|SA_SIGINFO
SIGINT: [libjvm.so+0x8a47a0], sa_mask[0]=11111111011111111101111111111110, sa_flags=SA_RESTART|SA_SIGINFO
SIGTERM: [libjvm.so+0x8a47a0], sa_mask[0]=11111111011111111101111111111110, sa_flags=SA_RESTART|SA_SIGINFO
SIGQUIT: [libjvm.so+0x8a47a0], sa_mask[0]=11111111011111111101111111111110, sa_flags=SA_RESTART|SA_SIGINFO


---------------  S Y S T E M  ---------------

OS:NAME="Arch Linux"
ID=arch
PRETTY_NAME="Arch Linux"
ANSI_COLOR="0;36"
HOME_URL="https://www.archlinux.org/"
SUPPORT_URL="https://bbs.archlinux.org/"
BUG_REPORT_URL="https://bugs.archlinux.org/"


uname:Linux 4.1.4-1-ARCH #1 SMP PREEMPT Mon Aug 3 21:30:37 UTC 2015 x86_64
libc:glibc 2.22 NPTL 2.22 
rlimit: STACK 8192k, CORE 0k, NPROC 3900, NOFILE 4096, AS infinity
load average:1.60 0.66 0.34

/proc/meminfo:
MemTotal:        1003848 kB
MemFree:            9788 kB
MemAvailable:      23640 kB
Buffers:            2596 kB
Cached:            19492 kB
SwapCached:        25200 kB
Active:           441712 kB
Inactive:         451140 kB
Active(anon):     435260 kB
Inactive(anon):   442052 kB
Active(file):       6452 kB
Inactive(file):     9088 kB
Unevictable:       15588 kB
Mlocked:           15588 kB
SwapTotal:       1048572 kB
SwapFree:         241788 kB
Dirty:                 0 kB
Writeback:          5412 kB
AnonPages:        861284 kB
Mapped:            15644 kB
Shmem:               212 kB
Slab:              36836 kB
SReclaimable:      12772 kB
SUnreclaim:        24064 kB
KernelStack:        3440 kB
PageTables:         6808 kB
NFS_Unstable:          0 kB
Bounce:                0 kB
WritebackTmp:          0 kB
CommitLimit:     1550496 kB
Committed_AS:    1780192 kB
VmallocTotal:   34359738367 kB
VmallocUsed:      200980 kB
VmallocChunk:   34359310332 kB
HardwareCorrupted:     0 kB
AnonHugePages:      6144 kB
HugePages_Total:       0
HugePages_Free:        0
HugePages_Rsvd:        0
HugePages_Surp:        0
Hugepagesize:       2048 kB
DirectMap4k:       73600 kB
DirectMap2M:      974848 kB


CPU:total 1 (1 cores per cpu, 1 threads per core) family 6 model 42 stepping 7, cmov, cx8, fxsr, mmx, sse, sse2, sse3, ssse3, sse4.1, sse4.2, popcnt, avx, aes, clmul, tsc, tscinvbit

/proc/cpuinfo:
processor	: 0
vendor_id	: GenuineIntel
cpu family	: 6
model		: 42
model name	: Intel(R) Core(TM) i5-2430M CPU @ 2.40GHz
stepping	: 7
microcode	: 0x29
cpu MHz		: 2394.572
cache size	: 3072 KB
physical id	: 0
siblings	: 1
core id		: 0
cpu cores	: 1
apicid		: 0
initial apicid	: 0
fpu		: yes
fpu_exception	: yes
cpuid level	: 13
wp		: yes
flags		: fpu vme de pse tsc msr pae mce cx8 apic sep mtrr pge mca cmov pat pse36 clflush dts mmx fxsr sse sse2 ss syscall nx rdtscp lm constant_tsc arch_perfmon pebs bts nopl xtopology tsc_reliable nonstop_tsc aperfmperf pni pclmulqdq ssse3 cx16 pcid sse4_1 sse4_2 x2apic popcnt tsc_deadline_timer aes xsave avx hypervisor lahf_lm ida arat epb pln pts dtherm tsc_adjust
bugs		:
bogomips	: 4791.69
clflush size	: 64
cache_alignment	: 64
address sizes	: 42 bits physical, 48 bits virtual
power management:



Memory: 4k page, physical 1003848k(9788k free), swap 1048572k(241788k free)

vm_info: OpenJDK 64-Bit Server VM (25.60-b23) for linux-amd64 JRE (1.8.0_60-b24), built on Aug 23 2015 18:39:15 by "builduser" with gcc 5.2.0

time: Mon Nov  2 02:59:04 2015
elapsed time: 140 seconds (0d 0h 2m 20s)

